
*** Running vivado
    with args -log sistema119.vds -m64 -product Vivado -mode batch -messageDb vivado.pb -notrace -source sistema119.tcl



****** Vivado v2023.2 (64-bit)
  **** SW Build 4029153 on Fri Oct 13 20:14:34 MDT 2023
  **** IP Build 4028589 on Sat Oct 14 00:45:43 MDT 2023
  **** SharedData Build 4025554 on Tue Oct 10 17:18:54 MDT 2023
    ** Copyright 1986-2022 Xilinx, Inc. All Rights Reserved.
    ** Copyright 2022-2023 Advanced Micro Devices, Inc. All Rights Reserved.

source sistema119.tcl -notrace
create_project: Time (s): cpu = 00:00:04 ; elapsed = 00:00:05 . Memory (MB): peak = 566.172 ; gain = 183.434
Command: read_checkpoint -auto_incremental -incremental C:/ULL/Sistemas-Electronicos-Digitales/Entregable2/Entregable2.srcs/utils_1/imports/synth_1/sistema119.dcp
INFO: [Vivado 12-5825] Read reference checkpoint from C:/ULL/Sistemas-Electronicos-Digitales/Entregable2/Entregable2.srcs/utils_1/imports/synth_1/sistema119.dcp for incremental synthesis
INFO: [Vivado 12-7989] Please ensure there are no constraint changes
Command: synth_design -top sistema119 -part xc7a100tcsg324-1
Starting synth_design
Attempting to get a license for feature 'Synthesis' and/or device 'xc7a100t'
INFO: [Common 17-349] Got license for feature 'Synthesis' and/or device 'xc7a100t'
INFO: [Device 21-403] Loading part xc7a100tcsg324-1
INFO: [Designutils 20-5440] No compile time benefit to using incremental synthesis; A full resynthesis will be run
INFO: [Designutils 20-4379] Flow is switching to default flow due to incremental criteria not met. If you would like to alter this behaviour and have the flow terminate instead, please set the following parameter config_implementation {autoIncr.Synth.RejectBehavior Terminate}
INFO: [Synth 8-7079] Multithreading enabled for synth_design using a maximum of 2 processes.
INFO: [Synth 8-7078] Launching helper process for spawning children vivado processes
INFO: [Synth 8-7075] Helper process launched with PID 16836
---------------------------------------------------------------------------------
Starting RTL Elaboration : Time (s): cpu = 00:00:03 ; elapsed = 00:00:04 . Memory (MB): peak = 1418.816 ; gain = 441.582
---------------------------------------------------------------------------------
INFO: [Synth 8-638] synthesizing module 'sistema119' [C:/ULL/Sistemas-Electronicos-Digitales/Entregable2/Entregable2.srcs/sources_1/new/sistema119.vhd:13]
INFO: [Synth 8-3491] module 'contador119' declared at 'C:/ULL/Sistemas-Electronicos-Digitales/Entregable2/Entregable2.srcs/sources_1/new/contador119.vhd:4' bound to instance 'Inst_contador' of component 'contador119' [C:/ULL/Sistemas-Electronicos-Digitales/Entregable2/Entregable2.srcs/sources_1/new/sistema119.vhd:31]
INFO: [Synth 8-638] synthesizing module 'contador119' [C:/ULL/Sistemas-Electronicos-Digitales/Entregable2/Entregable2.srcs/sources_1/new/contador119.vhd:11]
INFO: [Synth 8-3491] module 'ffT_reset' declared at 'C:/ULL/Sistemas-Electronicos-Digitales/Entregable2/Entregable2.srcs/sources_1/new/ffT_reset.vhd:4' bound to instance 'unitA' of component 'ffT_reset' [C:/ULL/Sistemas-Electronicos-Digitales/Entregable2/Entregable2.srcs/sources_1/new/contador119.vhd:58]
INFO: [Synth 8-638] synthesizing module 'ffT_reset' [C:/ULL/Sistemas-Electronicos-Digitales/Entregable2/Entregable2.srcs/sources_1/new/ffT_reset.vhd:12]
INFO: [Synth 8-256] done synthesizing module 'ffT_reset' (0#1) [C:/ULL/Sistemas-Electronicos-Digitales/Entregable2/Entregable2.srcs/sources_1/new/ffT_reset.vhd:12]
INFO: [Synth 8-3491] module 'ffD_reset' declared at 'C:/ULL/Sistemas-Electronicos-Digitales/Entregable2/Entregable2.srcs/sources_1/new/ffD_reset.vhd:4' bound to instance 'unitB' of component 'ffD_reset' [C:/ULL/Sistemas-Electronicos-Digitales/Entregable2/Entregable2.srcs/sources_1/new/contador119.vhd:66]
INFO: [Synth 8-638] synthesizing module 'ffD_reset' [C:/ULL/Sistemas-Electronicos-Digitales/Entregable2/Entregable2.srcs/sources_1/new/ffD_reset.vhd:12]
INFO: [Synth 8-256] done synthesizing module 'ffD_reset' (0#1) [C:/ULL/Sistemas-Electronicos-Digitales/Entregable2/Entregable2.srcs/sources_1/new/ffD_reset.vhd:12]
INFO: [Synth 8-3491] module 'ffD_preset' declared at 'C:/ULL/Sistemas-Electronicos-Digitales/Entregable2/Entregable2.srcs/sources_1/new/ffD_preset.vhd:4' bound to instance 'unitC' of component 'ffD_preset' [C:/ULL/Sistemas-Electronicos-Digitales/Entregable2/Entregable2.srcs/sources_1/new/contador119.vhd:74]
INFO: [Synth 8-638] synthesizing module 'ffD_preset' [C:/ULL/Sistemas-Electronicos-Digitales/Entregable2/Entregable2.srcs/sources_1/new/ffD_preset.vhd:12]
INFO: [Synth 8-256] done synthesizing module 'ffD_preset' (0#1) [C:/ULL/Sistemas-Electronicos-Digitales/Entregable2/Entregable2.srcs/sources_1/new/ffD_preset.vhd:12]
INFO: [Synth 8-3491] module 'ffT_preset' declared at 'C:/ULL/Sistemas-Electronicos-Digitales/Entregable2/Entregable2.srcs/sources_1/new/ffT_preset.vhd:4' bound to instance 'unitD' of component 'ffT_preset' [C:/ULL/Sistemas-Electronicos-Digitales/Entregable2/Entregable2.srcs/sources_1/new/contador119.vhd:82]
INFO: [Synth 8-638] synthesizing module 'ffT_preset' [C:/ULL/Sistemas-Electronicos-Digitales/Entregable2/Entregable2.srcs/sources_1/new/ffT_preset.vhd:12]
INFO: [Synth 8-256] done synthesizing module 'ffT_preset' (0#1) [C:/ULL/Sistemas-Electronicos-Digitales/Entregable2/Entregable2.srcs/sources_1/new/ffT_preset.vhd:12]
INFO: [Synth 8-256] done synthesizing module 'contador119' (0#1) [C:/ULL/Sistemas-Electronicos-Digitales/Entregable2/Entregable2.srcs/sources_1/new/contador119.vhd:11]
INFO: [Synth 8-3491] module 'dec7seg' declared at 'C:/ULL/Sistemas-Electronicos-Digitales/Entregable2/Entregable2.srcs/sources_1/imports/new/dec7seg.vhd:25' bound to instance 'Inst_dec7seg' of component 'dec7seg' [C:/ULL/Sistemas-Electronicos-Digitales/Entregable2/Entregable2.srcs/sources_1/new/sistema119.vhd:37]
INFO: [Synth 8-638] synthesizing module 'dec7seg' [C:/ULL/Sistemas-Electronicos-Digitales/Entregable2/Entregable2.srcs/sources_1/imports/new/dec7seg.vhd:30]
INFO: [Synth 8-256] done synthesizing module 'dec7seg' (0#1) [C:/ULL/Sistemas-Electronicos-Digitales/Entregable2/Entregable2.srcs/sources_1/imports/new/dec7seg.vhd:30]
INFO: [Synth 8-256] done synthesizing module 'sistema119' (0#1) [C:/ULL/Sistemas-Electronicos-Digitales/Entregable2/Entregable2.srcs/sources_1/new/sistema119.vhd:13]
---------------------------------------------------------------------------------
Finished RTL Elaboration : Time (s): cpu = 00:00:04 ; elapsed = 00:00:05 . Memory (MB): peak = 1525.914 ; gain = 548.680
---------------------------------------------------------------------------------
---------------------------------------------------------------------------------
Start Handling Custom Attributes
---------------------------------------------------------------------------------
---------------------------------------------------------------------------------
Finished Handling Custom Attributes : Time (s): cpu = 00:00:04 ; elapsed = 00:00:05 . Memory (MB): peak = 1525.914 ; gain = 548.680
---------------------------------------------------------------------------------
---------------------------------------------------------------------------------
Finished RTL Optimization Phase 1 : Time (s): cpu = 00:00:04 ; elapsed = 00:00:05 . Memory (MB): peak = 1525.914 ; gain = 548.680
---------------------------------------------------------------------------------
Netlist sorting complete. Time (s): cpu = 00:00:00 ; elapsed = 00:00:00 . Memory (MB): peak = 1525.914 ; gain = 0.000
INFO: [Project 1-570] Preparing netlist for logic optimization

Processing XDC Constraints
Initializing timing engine
Parsing XDC File [C:/ULL/Sistemas-Electronicos-Digitales/Entregable2/Entregable2.srcs/constrs_1/imports/Sistemas-Electronicos-Digitales/Nexys-A7-100T-Master.xdc]
Finished Parsing XDC File [C:/ULL/Sistemas-Electronicos-Digitales/Entregable2/Entregable2.srcs/constrs_1/imports/Sistemas-Electronicos-Digitales/Nexys-A7-100T-Master.xdc]
INFO: [Project 1-236] Implementation specific constraints were found while reading constraint file [C:/ULL/Sistemas-Electronicos-Digitales/Entregable2/Entregable2.srcs/constrs_1/imports/Sistemas-Electronicos-Digitales/Nexys-A7-100T-Master.xdc]. These constraints will be ignored for synthesis but will be used in implementation. Impacted constraints are listed in the file [.Xil/sistema119_propImpl.xdc].
Resolution: To avoid this warning, move constraints listed in [.Xil/sistema119_propImpl.xdc] to another XDC file and exclude this new file from synthesis with the used_in_synthesis property (File Properties dialog in GUI) and re-run elaboration/synthesis.
Completed Processing XDC Constraints

Netlist sorting complete. Time (s): cpu = 00:00:00 ; elapsed = 00:00:00.001 . Memory (MB): peak = 1622.062 ; gain = 0.000
INFO: [Project 1-111] Unisim Transformation Summary:
No Unisim elements were transformed.

El sistema no puede encontrar la ruta especificada.
Constraint Validation Runtime : Time (s): cpu = 00:00:00 ; elapsed = 00:00:00.001 . Memory (MB): peak = 1622.062 ; gain = 0.000
INFO: [Designutils 20-5440] No compile time benefit to using incremental synthesis; A full resynthesis will be run
INFO: [Designutils 20-4379] Flow is switching to default flow due to incremental criteria not met. If you would like to alter this behaviour and have the flow terminate instead, please set the following parameter config_implementation {autoIncr.Synth.RejectBehavior Terminate}
---------------------------------------------------------------------------------
Finished Constraint Validation : Time (s): cpu = 00:00:08 ; elapsed = 00:00:11 . Memory (MB): peak = 1622.062 ; gain = 644.828
---------------------------------------------------------------------------------
---------------------------------------------------------------------------------
Start Loading Part and Timing Information
---------------------------------------------------------------------------------
Loading part: xc7a100tcsg324-1
---------------------------------------------------------------------------------
Finished Loading Part and Timing Information : Time (s): cpu = 00:00:08 ; elapsed = 00:00:11 . Memory (MB): peak = 1622.062 ; gain = 644.828
---------------------------------------------------------------------------------
---------------------------------------------------------------------------------
Start Applying 'set_property' XDC Constraints
---------------------------------------------------------------------------------
---------------------------------------------------------------------------------
Finished applying 'set_property' XDC Constraints : Time (s): cpu = 00:00:08 ; elapsed = 00:00:11 . Memory (MB): peak = 1622.062 ; gain = 644.828
---------------------------------------------------------------------------------
---------------------------------------------------------------------------------
Finished RTL Optimization Phase 2 : Time (s): cpu = 00:00:08 ; elapsed = 00:00:12 . Memory (MB): peak = 1622.062 ; gain = 644.828
---------------------------------------------------------------------------------
---------------------------------------------------------------------------------
Start RTL Component Statistics 
---------------------------------------------------------------------------------
Detailed RTL Component Info : 
+---Registers : 
	                1 Bit    Registers := 4     
---------------------------------------------------------------------------------
Finished RTL Component Statistics 
---------------------------------------------------------------------------------
---------------------------------------------------------------------------------
Start Part Resource Summary
---------------------------------------------------------------------------------
Part Resources:
DSPs: 240 (col length:80)
BRAMs: 270 (col length: RAMB18 80 RAMB36 40)
---------------------------------------------------------------------------------
Finished Part Resource Summary
---------------------------------------------------------------------------------
---------------------------------------------------------------------------------
Start Cross Boundary and Area Optimization
---------------------------------------------------------------------------------
WARNING: [Synth 8-7080] Parallel synthesis criteria is not met
---------------------------------------------------------------------------------
Finished Cross Boundary and Area Optimization : Time (s): cpu = 00:00:09 ; elapsed = 00:00:13 . Memory (MB): peak = 1622.062 ; gain = 644.828
---------------------------------------------------------------------------------
---------------------------------------------------------------------------------
Start Applying XDC Timing Constraints
---------------------------------------------------------------------------------
---------------------------------------------------------------------------------
Finished Applying XDC Timing Constraints : Time (s): cpu = 00:00:12 ; elapsed = 00:00:17 . Memory (MB): peak = 1622.062 ; gain = 644.828
---------------------------------------------------------------------------------
---------------------------------------------------------------------------------
Start Timing Optimization
---------------------------------------------------------------------------------
---------------------------------------------------------------------------------
Finished Timing Optimization : Time (s): cpu = 00:00:12 ; elapsed = 00:00:17 . Memory (MB): peak = 1622.062 ; gain = 644.828
---------------------------------------------------------------------------------
---------------------------------------------------------------------------------
Start Technology Mapping
---------------------------------------------------------------------------------
---------------------------------------------------------------------------------
Finished Technology Mapping : Time (s): cpu = 00:00:12 ; elapsed = 00:00:17 . Memory (MB): peak = 1622.062 ; gain = 644.828
---------------------------------------------------------------------------------
---------------------------------------------------------------------------------
Start IO Insertion
---------------------------------------------------------------------------------
---------------------------------------------------------------------------------
Start Flattening Before IO Insertion
---------------------------------------------------------------------------------
---------------------------------------------------------------------------------
Finished Flattening Before IO Insertion
---------------------------------------------------------------------------------
---------------------------------------------------------------------------------
Start Final Netlist Cleanup
---------------------------------------------------------------------------------
---------------------------------------------------------------------------------
Finished Final Netlist Cleanup
---------------------------------------------------------------------------------
---------------------------------------------------------------------------------
Finished IO Insertion : Time (s): cpu = 00:00:15 ; elapsed = 00:00:21 . Memory (MB): peak = 1622.062 ; gain = 644.828
---------------------------------------------------------------------------------
---------------------------------------------------------------------------------
Start Renaming Generated Instances
---------------------------------------------------------------------------------
---------------------------------------------------------------------------------
Finished Renaming Generated Instances : Time (s): cpu = 00:00:15 ; elapsed = 00:00:21 . Memory (MB): peak = 1622.062 ; gain = 644.828
---------------------------------------------------------------------------------
---------------------------------------------------------------------------------
Start Rebuilding User Hierarchy
---------------------------------------------------------------------------------
---------------------------------------------------------------------------------
Finished Rebuilding User Hierarchy : Time (s): cpu = 00:00:15 ; elapsed = 00:00:21 . Memory (MB): peak = 1622.062 ; gain = 644.828
---------------------------------------------------------------------------------
---------------------------------------------------------------------------------
Start Renaming Generated Ports
---------------------------------------------------------------------------------
---------------------------------------------------------------------------------
Finished Renaming Generated Ports : Time (s): cpu = 00:00:15 ; elapsed = 00:00:21 . Memory (MB): peak = 1622.062 ; gain = 644.828
---------------------------------------------------------------------------------
---------------------------------------------------------------------------------
Start Handling Custom Attributes
---------------------------------------------------------------------------------
---------------------------------------------------------------------------------
Finished Handling Custom Attributes : Time (s): cpu = 00:00:15 ; elapsed = 00:00:21 . Memory (MB): peak = 1622.062 ; gain = 644.828
---------------------------------------------------------------------------------
---------------------------------------------------------------------------------
Start Renaming Generated Nets
---------------------------------------------------------------------------------
---------------------------------------------------------------------------------
Finished Renaming Generated Nets : Time (s): cpu = 00:00:15 ; elapsed = 00:00:21 . Memory (MB): peak = 1622.062 ; gain = 644.828
---------------------------------------------------------------------------------
---------------------------------------------------------------------------------
Start Writing Synthesis Report
---------------------------------------------------------------------------------

Report BlackBoxes: 
+-+--------------+----------+
| |BlackBox name |Instances |
+-+--------------+----------+
+-+--------------+----------+

Report Cell Usage: 
+------+-----+------+
|      |Cell |Count |
+------+-----+------+
|1     |BUFG |     1|
|2     |LUT3 |     3|
|3     |LUT4 |     4|
|4     |LUT5 |     4|
|5     |FDCE |     2|
|6     |FDPE |     2|
|7     |IBUF |     3|
|8     |OBUF |    11|
+------+-----+------+
---------------------------------------------------------------------------------
Finished Writing Synthesis Report : Time (s): cpu = 00:00:15 ; elapsed = 00:00:21 . Memory (MB): peak = 1622.062 ; gain = 644.828
---------------------------------------------------------------------------------
Synthesis finished with 0 errors, 0 critical warnings and 1 warnings.
Synthesis Optimization Runtime : Time (s): cpu = 00:00:10 ; elapsed = 00:00:19 . Memory (MB): peak = 1622.062 ; gain = 548.680
Synthesis Optimization Complete : Time (s): cpu = 00:00:15 ; elapsed = 00:00:21 . Memory (MB): peak = 1622.062 ; gain = 644.828
INFO: [Project 1-571] Translating synthesized netlist
Netlist sorting complete. Time (s): cpu = 00:00:00 ; elapsed = 00:00:00 . Memory (MB): peak = 1622.062 ; gain = 0.000
INFO: [Project 1-570] Preparing netlist for logic optimization
INFO: [Opt 31-138] Pushed 0 inverter(s) to 0 load pin(s).
Netlist sorting complete. Time (s): cpu = 00:00:00 ; elapsed = 00:00:00 . Memory (MB): peak = 1622.062 ; gain = 0.000
INFO: [Project 1-111] Unisim Transformation Summary:
No Unisim elements were transformed.

El sistema no puede encontrar la ruta especificada.
Synth Design complete | Checksum: 1c603aa3
INFO: [Common 17-83] Releasing license: Synthesis
39 Infos, 1 Warnings, 0 Critical Warnings and 0 Errors encountered.
synth_design completed successfully
synth_design: Time (s): cpu = 00:00:17 ; elapsed = 00:00:25 . Memory (MB): peak = 1622.062 ; gain = 1052.910
Write ShapeDB Complete: Time (s): cpu = 00:00:00 ; elapsed = 00:00:00 . Memory (MB): peak = 1622.062 ; gain = 0.000
INFO: [Common 17-1381] The checkpoint 'C:/ULL/Sistemas-Electronicos-Digitales/Entregable2/Entregable2.runs/synth_1/sistema119.dcp' has been generated.
INFO: [runtcl-4] Executing : report_utilization -file sistema119_utilization_synth.rpt -pb sistema119_utilization_synth.pb
INFO: [Common 17-206] Exiting Vivado at Thu Apr 11 17:09:13 2024...
